C:\Program Files (x86)\Microsoft Visual Studio\2019\Community\MSBuild\Microsoft\VC\v160\Microsoft.CppBuild.targets(437,5): warning MSB8004: Intermediate Directory does not end with a trailing slash.  This build instance will add the slash as it is required to allow proper evaluation of the Intermediate Directory.
  D:\GameEngine\Ramjet_Engine\Ramjet_Core\Ramjet_Core\Dependencies\DLLs_Backup\assimp-vc140-mt.dll
  D:\GameEngine\Ramjet_Engine\Ramjet_Core\Ramjet_Core\Dependencies\DLLs_Backup\FreeImage.dll
  D:\GameEngine\Ramjet_Engine\Ramjet_Core\Ramjet_Core\Dependencies\DLLs_Backup\libogg.dll
  D:\GameEngine\Ramjet_Engine\Ramjet_Core\Ramjet_Core\Dependencies\DLLs_Backup\OpenAL32.dll
          4 file(s) copied.
  GameTest.cpp
  Test3D.cpp
D:\GameEngine\Ramjet_Engine\Ramjet_Core\Ramjet_Core\Core\Rendering\Platform\OpenGL\CoreOpenGLRender.inl(197,93): warning C4312:  'type cast': conversion from 'uint' to 'const GLvoid *' of greater size (compiling source file src\GameTest.cpp)
D:\GameEngine\Ramjet_Engine\Ramjet_Core\Ramjet_Core\Core\Rendering\Platform\OpenGL\CoreOpenGLRender.inl(197,93): warning C4312:  'type cast': conversion from 'uint' to 'const GLvoid *' of greater size (compiling source file src\Layer\Test3D.cpp)
D:\GameEngine\Ramjet_Engine\Ramjet_Core\Ramjet_Core\Core\Rendering\Renderer\Renderable2D.h(64,12): warning C4244:  'initializing': conversion from 'float' to 'uint', possible loss of data (compiling source file src\GameTest.cpp)
D:\GameEngine\Ramjet_Engine\Ramjet_Core\Ramjet_Core\Core\Rendering\Renderer\Renderable2D.h(65,12): warning C4244:  'initializing': conversion from 'float' to 'uint', possible loss of data (compiling source file src\GameTest.cpp)
D:\GameEngine\Ramjet_Engine\Ramjet_Core\Ramjet_Core\Core\Rendering\Renderer\Renderable2D.h(66,12): warning C4244:  'initializing': conversion from 'float' to 'uint', possible loss of data (compiling source file src\GameTest.cpp)
D:\GameEngine\Ramjet_Engine\Ramjet_Core\Ramjet_Core\Core\Rendering\Renderer\Renderable2D.h(67,12): warning C4244:  'initializing': conversion from 'float' to 'uint', possible loss of data (compiling source file src\GameTest.cpp)
D:\GameEngine\Ramjet_Engine\Ramjet_Core\Ramjet_Core\Core\Rendering\Renderer\Renderable2D.h(64,12): warning C4244:  'initializing': conversion from 'float' to 'uint', possible loss of data (compiling source file src\Layer\Test3D.cpp)
D:\GameEngine\Ramjet_Engine\Ramjet_Core\Ramjet_Core\Core\Rendering\Renderer\Renderable2D.h(65,12): warning C4244:  'initializing': conversion from 'float' to 'uint', possible loss of data (compiling source file src\Layer\Test3D.cpp)
D:\GameEngine\Ramjet_Engine\Ramjet_Core\Ramjet_Core\Core\Rendering\Renderer\Renderable2D.h(66,12): warning C4244:  'initializing': conversion from 'float' to 'uint', possible loss of data (compiling source file src\Layer\Test3D.cpp)
D:\GameEngine\Ramjet_Engine\Ramjet_Core\Ramjet_Core\Core\Rendering\Renderer\Renderable2D.h(67,12): warning C4244:  'initializing': conversion from 'float' to 'uint', possible loss of data (compiling source file src\Layer\Test3D.cpp)
D:\GameEngine\Ramjet_Engine\Ramjet_Core\Ramjet_Core\Core\Rendering\Entity\Component\ModelComponent.h(16,16): error C2039:  'Model': is not a member of 'Core::Rendering' (compiling source file src\GameTest.cpp)
D:\GameEngine\Ramjet_Engine\Ramjet_Core\Ramjet_Core\Core\Rendering\Renderer\Renderer3D.h(11): message :  see declaration of 'Core::Rendering' (compiling source file src\GameTest.cpp)
D:\GameEngine\Ramjet_Engine\Ramjet_Core\Ramjet_Core\Core\Rendering\Entity\Component\ModelComponent.h(16,21): error C2143:  syntax error: missing ';' before '*' (compiling source file src\GameTest.cpp)
D:\GameEngine\Ramjet_Engine\Ramjet_Core\Ramjet_Core\Core\Rendering\Entity\Component\ModelComponent.h(16,21): error C4430:  missing type specifier - int assumed. Note: C++ does not support default-int (compiling source file src\GameTest.cpp)
D:\GameEngine\Ramjet_Engine\Ramjet_Core\Ramjet_Core\Core\Rendering\Entity\Component\ModelComponent.h(16,28): error C2238:  unexpected token(s) preceding ';' (compiling source file src\GameTest.cpp)
D:\GameEngine\Ramjet_Engine\Ramjet_Core\Ramjet_Core\Core\Rendering\Entity\Component\ModelComponent.h(19,31): error C2039:  'Model': is not a member of 'Core::Rendering' (compiling source file src\GameTest.cpp)
D:\GameEngine\Ramjet_Engine\Ramjet_Core\Ramjet_Core\Core\Rendering\Renderer\Renderer3D.h(11): message :  see declaration of 'Core::Rendering' (compiling source file src\GameTest.cpp)
D:\GameEngine\Ramjet_Engine\Ramjet_Core\Ramjet_Core\Core\Rendering\Entity\Component\ModelComponent.h(19,44): error C2061:  syntax error: identifier 'Model' (compiling source file src\GameTest.cpp)
D:\GameEngine\Ramjet_Engine\Ramjet_Core\Ramjet_Core\Core\Rendering\Entity\Component\ModelComponent.h(16,16): error C2039:  'Model': is not a member of 'Core::Rendering' (compiling source file src\Layer\Test3D.cpp)
D:\GameEngine\Ramjet_Engine\Ramjet_Core\Ramjet_Core\Core\Rendering\Renderer\Renderer3D.h(11): message :  see declaration of 'Core::Rendering' (compiling source file src\Layer\Test3D.cpp)
D:\GameEngine\Ramjet_Engine\Ramjet_Core\Ramjet_Core\Core\Rendering\Entity\Component\ModelComponent.h(16,21): error C2143:  syntax error: missing ';' before '*' (compiling source file src\Layer\Test3D.cpp)
D:\GameEngine\Ramjet_Engine\Ramjet_Core\Ramjet_Core\Core\Rendering\Entity\Component\ModelComponent.h(16,21): error C4430:  missing type specifier - int assumed. Note: C++ does not support default-int (compiling source file src\Layer\Test3D.cpp)
D:\GameEngine\Ramjet_Engine\Ramjet_Core\Ramjet_Core\Core\Rendering\Entity\Component\ModelComponent.h(16,28): error C2238:  unexpected token(s) preceding ';' (compiling source file src\Layer\Test3D.cpp)
D:\GameEngine\Ramjet_Engine\Ramjet_Core\Ramjet_Core\Core\Rendering\Entity\Component\ModelComponent.h(19,31): error C2039:  'Model': is not a member of 'Core::Rendering' (compiling source file src\Layer\Test3D.cpp)
D:\GameEngine\Ramjet_Engine\Ramjet_Core\Ramjet_Core\Core\Rendering\Renderer\Renderer3D.h(11): message :  see declaration of 'Core::Rendering' (compiling source file src\Layer\Test3D.cpp)
D:\GameEngine\Ramjet_Engine\Ramjet_Core\Ramjet_Core\Core\Rendering\Entity\Component\ModelComponent.h(19,44): error C2061:  syntax error: identifier 'Model' (compiling source file src\Layer\Test3D.cpp)
